mode: set
myapp/internal/handlers/handlers.go:29.62,34.2 1 1
myapp/internal/handlers/handlers.go:37.33,39.2 1 1
myapp/internal/handlers/handlers.go:41.67,43.2 1 1
myapp/internal/handlers/handlers.go:45.67,48.16 2 1
myapp/internal/handlers/handlers.go:51.2,55.4 3 1
myapp/internal/handlers/handlers.go:48.16,50.3 1 0
myapp/internal/handlers/handlers.go:57.66,61.39 3 1
myapp/internal/handlers/handlers.go:73.2,73.39 1 1
myapp/internal/handlers/handlers.go:77.2,79.16 3 1
myapp/internal/handlers/handlers.go:84.2,89.4 3 1
myapp/internal/handlers/handlers.go:61.39,63.3 1 1
myapp/internal/handlers/handlers.go:63.8,67.10 3 0
myapp/internal/handlers/handlers.go:67.10,70.4 2 0
myapp/internal/handlers/handlers.go:73.39,75.3 1 0
myapp/internal/handlers/handlers.go:79.16,82.3 2 0
myapp/internal/handlers/handlers.go:97.80,100.9 2 1
myapp/internal/handlers/handlers.go:107.2,108.16 2 0
myapp/internal/handlers/handlers.go:111.2,117.15 5 0
myapp/internal/handlers/handlers.go:135.2,135.16 1 0
myapp/internal/handlers/handlers.go:139.2,145.16 3 0
myapp/internal/handlers/handlers.go:149.2,152.14 3 0
myapp/internal/handlers/handlers.go:100.9,103.3 2 1
myapp/internal/handlers/handlers.go:108.16,110.3 1 0
myapp/internal/handlers/handlers.go:117.15,120.17 3 0
myapp/internal/handlers/handlers.go:123.3,124.17 2 0
myapp/internal/handlers/handlers.go:127.3,133.53 2 0
myapp/internal/handlers/handlers.go:120.17,122.4 1 0
myapp/internal/handlers/handlers.go:124.17,126.4 1 0
myapp/internal/handlers/handlers.go:135.16,137.3 1 0
myapp/internal/handlers/handlers.go:145.16,147.3 1 0
myapp/internal/handlers/handlers.go:155.78,159.9 2 1
myapp/internal/handlers/handlers.go:163.2,165.16 3 1
myapp/internal/handlers/handlers.go:169.2,183.4 8 0
myapp/internal/handlers/handlers.go:159.9,161.3 1 1
myapp/internal/handlers/handlers.go:165.16,168.3 2 1
myapp/internal/handlers/handlers.go:186.78,189.9 2 1
myapp/internal/handlers/handlers.go:192.2,193.16 2 1
myapp/internal/handlers/handlers.go:197.2,206.19 8 1
myapp/internal/handlers/handlers.go:217.2,218.16 2 1
myapp/internal/handlers/handlers.go:221.2,232.16 5 1
myapp/internal/handlers/handlers.go:235.2,237.66 2 1
myapp/internal/handlers/handlers.go:189.9,191.3 1 1
myapp/internal/handlers/handlers.go:193.16,195.3 1 0
myapp/internal/handlers/handlers.go:206.19,215.3 4 0
myapp/internal/handlers/handlers.go:218.16,220.3 1 1
myapp/internal/handlers/handlers.go:232.16,234.3 1 1
myapp/internal/handlers/handlers.go:240.81,243.9 2 1
myapp/internal/handlers/handlers.go:247.2,251.4 3 1
myapp/internal/handlers/handlers.go:243.9,245.3 1 1
