mode: set
myapp/internal/handlers/handlers.go:33.62,38.2 1 0
myapp/internal/handlers/handlers.go:41.54,46.2 1 1
myapp/internal/handlers/handlers.go:49.33,51.2 1 1
myapp/internal/handlers/handlers.go:53.67,55.2 1 1
myapp/internal/handlers/handlers.go:57.68,59.2 1 0
myapp/internal/handlers/handlers.go:61.67,64.16 2 1
myapp/internal/handlers/handlers.go:70.2,70.22 1 0
myapp/internal/handlers/handlers.go:81.2,85.4 3 0
myapp/internal/handlers/handlers.go:64.16,68.3 3 1
myapp/internal/handlers/handlers.go:70.22,74.21 4 0
myapp/internal/handlers/handlers.go:74.21,78.4 3 0
myapp/internal/handlers/handlers.go:87.66,95.29 6 1
myapp/internal/handlers/handlers.go:99.2,99.21 1 1
myapp/internal/handlers/handlers.go:103.2,104.16 2 1
myapp/internal/handlers/handlers.go:110.2,115.4 3 1
myapp/internal/handlers/handlers.go:95.29,98.3 2 0
myapp/internal/handlers/handlers.go:99.21,101.3 1 1
myapp/internal/handlers/handlers.go:104.16,108.3 3 1
myapp/internal/handlers/handlers.go:122.80,125.9 2 1
myapp/internal/handlers/handlers.go:131.2,132.16 2 1
myapp/internal/handlers/handlers.go:138.2,145.16 5 1
myapp/internal/handlers/handlers.go:151.2,151.15 1 1
myapp/internal/handlers/handlers.go:166.2,172.14 4 1
myapp/internal/handlers/handlers.go:125.9,129.3 3 1
myapp/internal/handlers/handlers.go:132.16,136.3 3 1
myapp/internal/handlers/handlers.go:145.16,149.3 3 1
myapp/internal/handlers/handlers.go:151.15,164.3 5 1
myapp/internal/handlers/handlers.go:175.78,179.9 2 1
myapp/internal/handlers/handlers.go:185.2,187.16 3 1
myapp/internal/handlers/handlers.go:192.2,206.4 8 1
myapp/internal/handlers/handlers.go:179.9,183.3 3 1
myapp/internal/handlers/handlers.go:187.16,191.3 3 1
myapp/internal/handlers/handlers.go:209.78,211.16 2 1
myapp/internal/handlers/handlers.go:217.2,219.9 2 1
myapp/internal/handlers/handlers.go:225.2,233.19 8 1
myapp/internal/handlers/handlers.go:244.2,245.16 2 1
myapp/internal/handlers/handlers.go:252.2,263.16 4 1
myapp/internal/handlers/handlers.go:268.2,280.66 6 1
myapp/internal/handlers/handlers.go:211.16,215.3 3 1
myapp/internal/handlers/handlers.go:219.9,223.3 3 1
myapp/internal/handlers/handlers.go:233.19,242.3 4 1
myapp/internal/handlers/handlers.go:245.16,251.3 3 1
myapp/internal/handlers/handlers.go:263.16,267.3 3 1
myapp/internal/handlers/handlers.go:283.81,286.9 2 1
myapp/internal/handlers/handlers.go:292.2,296.4 3 1
myapp/internal/handlers/handlers.go:286.9,290.3 3 1
myapp/internal/handlers/handlers.go:299.72,303.2 1 1
myapp/internal/handlers/handlers.go:305.72,309.16 3 1
myapp/internal/handlers/handlers.go:313.2,321.19 8 1
myapp/internal/handlers/handlers.go:328.2,329.16 2 1
myapp/internal/handlers/handlers.go:335.2,336.47 2 1
myapp/internal/handlers/handlers.go:309.16,312.3 2 1
myapp/internal/handlers/handlers.go:321.19,326.3 2 1
myapp/internal/handlers/handlers.go:329.16,333.3 3 1
myapp/internal/handlers/handlers.go:339.68,344.2 3 1
myapp/internal/handlers/handlers.go:346.72,355.2 4 0
myapp/internal/handlers/handlers.go:356.76,358.16 2 1
myapp/internal/handlers/handlers.go:364.2,368.19 4 1
myapp/internal/handlers/handlers.go:378.2,392.67 7 1
myapp/internal/handlers/handlers.go:358.16,362.3 3 1
myapp/internal/handlers/handlers.go:368.19,377.3 5 1
myapp/internal/handlers/handlers.go:395.77,397.16 2 1
myapp/internal/handlers/handlers.go:403.2,407.4 3 0
myapp/internal/handlers/handlers.go:397.16,401.3 3 1
myapp/internal/handlers/handlers.go:410.72,412.16 2 1
myapp/internal/handlers/handlers.go:417.2,421.4 3 0
myapp/internal/handlers/handlers.go:412.16,416.3 3 1
myapp/internal/handlers/handlers.go:424.75,431.16 5 1
myapp/internal/handlers/handlers.go:437.2,439.29 2 1
myapp/internal/handlers/handlers.go:444.2,450.4 4 1
myapp/internal/handlers/handlers.go:431.16,435.3 3 1
myapp/internal/handlers/handlers.go:439.29,442.3 2 0
myapp/internal/handlers/handlers.go:452.77,454.16 2 1
myapp/internal/handlers/handlers.go:459.2,480.19 19 1
myapp/internal/handlers/handlers.go:491.2,493.16 2 1
myapp/internal/handlers/handlers.go:499.2,501.67 2 1
myapp/internal/handlers/handlers.go:454.16,458.3 3 1
myapp/internal/handlers/handlers.go:480.19,489.3 4 1
myapp/internal/handlers/handlers.go:493.16,497.3 3 1
myapp/internal/handlers/handlers.go:504.74,511.2 3 1
myapp/internal/handlers/handlers.go:513.75,515.16 2 1
myapp/internal/handlers/handlers.go:520.2,539.19 17 1
myapp/internal/handlers/handlers.go:549.2,551.16 2 1
myapp/internal/handlers/handlers.go:557.2,558.57 2 1
myapp/internal/handlers/handlers.go:515.16,519.3 3 1
myapp/internal/handlers/handlers.go:539.19,548.3 4 1
myapp/internal/handlers/handlers.go:551.16,555.3 3 1
myapp/internal/handlers/handlers.go:561.77,568.16 5 1
myapp/internal/handlers/handlers.go:573.2,580.14 5 1
myapp/internal/handlers/handlers.go:568.16,572.3 3 1
myapp/internal/handlers/handlers.go:583.83,589.16 5 1
myapp/internal/handlers/handlers.go:595.2,602.4 4 1
myapp/internal/handlers/handlers.go:589.16,593.3 3 1
myapp/internal/handlers/handlers.go:605.77,610.16 5 1
myapp/internal/handlers/handlers.go:616.2,622.16 5 1
myapp/internal/handlers/handlers.go:628.2,648.14 9 1
myapp/internal/handlers/handlers.go:610.16,614.3 3 1
myapp/internal/handlers/handlers.go:622.16,626.3 3 1
myapp/internal/handlers/handlers.go:651.79,656.16 4 0
myapp/internal/handlers/handlers.go:662.2,667.29 4 0
myapp/internal/handlers/handlers.go:672.2,675.16 3 0
myapp/internal/handlers/handlers.go:681.2,684.16 3 0
myapp/internal/handlers/handlers.go:690.2,692.67 3 0
myapp/internal/handlers/handlers.go:656.16,660.3 3 0
myapp/internal/handlers/handlers.go:667.29,670.3 2 0
myapp/internal/handlers/handlers.go:675.16,679.3 3 0
myapp/internal/handlers/handlers.go:684.16,688.3 3 0
myapp/internal/handlers/handlers.go:695.79,698.16 3 0
myapp/internal/handlers/handlers.go:703.2,704.67 2 0
myapp/internal/handlers/handlers.go:698.16,702.3 3 0
