mode: set
myapp/internal/handlers/handlers.go:34.62,39.2 1 0
myapp/internal/handlers/handlers.go:42.54,47.2 1 1
myapp/internal/handlers/handlers.go:50.33,52.2 1 1
myapp/internal/handlers/handlers.go:55.67,57.2 1 1
myapp/internal/handlers/handlers.go:60.68,62.2 1 0
myapp/internal/handlers/handlers.go:65.67,68.16 2 1
myapp/internal/handlers/handlers.go:75.2,75.27 1 0
myapp/internal/handlers/handlers.go:84.2,89.4 3 0
myapp/internal/handlers/handlers.go:68.16,72.3 3 1
myapp/internal/handlers/handlers.go:75.27,77.27 1 0
myapp/internal/handlers/handlers.go:77.27,79.4 1 0
myapp/internal/handlers/handlers.go:79.9,81.4 1 0
myapp/internal/handlers/handlers.go:93.66,99.16 5 1
myapp/internal/handlers/handlers.go:106.2,106.26 1 1
myapp/internal/handlers/handlers.go:112.2,119.4 4 1
myapp/internal/handlers/handlers.go:99.16,103.3 3 1
myapp/internal/handlers/handlers.go:106.26,108.3 1 1
myapp/internal/handlers/handlers.go:108.8,110.3 1 0
myapp/internal/handlers/handlers.go:127.80,131.9 2 1
myapp/internal/handlers/handlers.go:138.2,139.16 2 1
myapp/internal/handlers/handlers.go:145.2,153.16 5 1
myapp/internal/handlers/handlers.go:159.2,159.15 1 1
myapp/internal/handlers/handlers.go:175.2,181.14 4 1
myapp/internal/handlers/handlers.go:131.9,135.3 3 1
myapp/internal/handlers/handlers.go:139.16,143.3 3 1
myapp/internal/handlers/handlers.go:153.16,157.3 3 1
myapp/internal/handlers/handlers.go:159.15,172.3 5 1
myapp/internal/handlers/handlers.go:185.78,189.9 2 1
myapp/internal/handlers/handlers.go:195.2,197.16 2 1
myapp/internal/handlers/handlers.go:203.2,221.4 11 1
myapp/internal/handlers/handlers.go:189.9,193.3 3 1
myapp/internal/handlers/handlers.go:197.16,201.3 3 1
myapp/internal/handlers/handlers.go:230.78,233.16 2 1
myapp/internal/handlers/handlers.go:239.2,241.9 2 1
myapp/internal/handlers/handlers.go:247.2,256.19 8 1
myapp/internal/handlers/handlers.go:267.2,268.16 2 1
myapp/internal/handlers/handlers.go:275.2,286.16 4 1
myapp/internal/handlers/handlers.go:292.2,305.66 6 1
myapp/internal/handlers/handlers.go:233.16,237.3 3 1
myapp/internal/handlers/handlers.go:241.9,245.3 3 1
myapp/internal/handlers/handlers.go:256.19,265.3 4 1
myapp/internal/handlers/handlers.go:268.16,274.3 3 1
myapp/internal/handlers/handlers.go:286.16,290.3 3 1
myapp/internal/handlers/handlers.go:309.81,312.9 2 1
myapp/internal/handlers/handlers.go:318.2,327.4 7 1
myapp/internal/handlers/handlers.go:312.9,316.3 3 1
myapp/internal/handlers/handlers.go:331.72,335.2 1 1
myapp/internal/handlers/handlers.go:338.72,342.16 3 1
myapp/internal/handlers/handlers.go:346.2,356.19 8 1
myapp/internal/handlers/handlers.go:363.2,364.16 2 1
myapp/internal/handlers/handlers.go:370.2,371.62 2 1
myapp/internal/handlers/handlers.go:342.16,345.3 2 1
myapp/internal/handlers/handlers.go:356.19,361.3 2 1
myapp/internal/handlers/handlers.go:364.16,368.3 3 1
myapp/internal/handlers/handlers.go:375.68,380.2 3 1
myapp/internal/handlers/handlers.go:383.72,392.2 4 0
myapp/internal/handlers/handlers.go:395.76,397.16 2 1
myapp/internal/handlers/handlers.go:403.2,407.19 4 1
myapp/internal/handlers/handlers.go:417.2,431.67 7 1
myapp/internal/handlers/handlers.go:397.16,401.3 3 1
myapp/internal/handlers/handlers.go:407.19,416.3 5 1
myapp/internal/handlers/handlers.go:435.77,437.16 2 1
myapp/internal/handlers/handlers.go:443.2,447.4 3 0
myapp/internal/handlers/handlers.go:437.16,441.3 3 1
myapp/internal/handlers/handlers.go:451.72,453.16 2 1
myapp/internal/handlers/handlers.go:458.2,462.4 3 0
myapp/internal/handlers/handlers.go:453.16,457.3 3 1
myapp/internal/handlers/handlers.go:466.75,473.16 5 1
myapp/internal/handlers/handlers.go:480.2,480.26 1 1
myapp/internal/handlers/handlers.go:486.2,492.4 4 1
myapp/internal/handlers/handlers.go:473.16,477.3 3 1
myapp/internal/handlers/handlers.go:480.26,482.3 1 1
myapp/internal/handlers/handlers.go:482.8,484.3 1 0
myapp/internal/handlers/handlers.go:496.77,498.16 2 1
myapp/internal/handlers/handlers.go:504.2,523.16 18 1
myapp/internal/handlers/handlers.go:526.2,530.19 3 1
myapp/internal/handlers/handlers.go:541.2,543.16 2 1
myapp/internal/handlers/handlers.go:549.2,550.67 2 1
myapp/internal/handlers/handlers.go:498.16,502.3 3 1
myapp/internal/handlers/handlers.go:523.16,525.3 1 0
myapp/internal/handlers/handlers.go:530.19,539.3 4 1
myapp/internal/handlers/handlers.go:543.16,547.3 3 1
myapp/internal/handlers/handlers.go:554.74,561.2 3 1
myapp/internal/handlers/handlers.go:564.75,566.16 2 1
myapp/internal/handlers/handlers.go:572.2,589.16 16 1
myapp/internal/handlers/handlers.go:593.2,597.19 3 1
myapp/internal/handlers/handlers.go:607.2,609.16 2 1
myapp/internal/handlers/handlers.go:615.2,616.57 2 1
myapp/internal/handlers/handlers.go:566.16,570.3 3 1
myapp/internal/handlers/handlers.go:589.16,591.3 1 1
myapp/internal/handlers/handlers.go:597.19,606.3 4 1
myapp/internal/handlers/handlers.go:609.16,613.3 3 1
myapp/internal/handlers/handlers.go:620.77,627.16 5 1
myapp/internal/handlers/handlers.go:632.2,639.14 5 1
myapp/internal/handlers/handlers.go:627.16,631.3 3 1
myapp/internal/handlers/handlers.go:643.83,649.16 5 1
myapp/internal/handlers/handlers.go:655.2,662.4 4 1
myapp/internal/handlers/handlers.go:649.16,653.3 3 1
myapp/internal/handlers/handlers.go:666.77,671.16 5 1
myapp/internal/handlers/handlers.go:677.2,683.16 5 1
myapp/internal/handlers/handlers.go:689.2,709.14 9 1
myapp/internal/handlers/handlers.go:671.16,675.3 3 1
myapp/internal/handlers/handlers.go:683.16,687.3 3 1
myapp/internal/handlers/handlers.go:713.79,716.16 2 1
myapp/internal/handlers/handlers.go:720.2,728.16 4 1
myapp/internal/handlers/handlers.go:732.2,732.67 1 1
myapp/internal/handlers/handlers.go:716.16,718.3 1 0
myapp/internal/handlers/handlers.go:728.16,730.3 1 0
myapp/internal/handlers/handlers.go:741.94,745.16 3 1
myapp/internal/handlers/handlers.go:748.2,748.48 1 1
myapp/internal/handlers/handlers.go:783.2,783.27 1 1
myapp/internal/handlers/handlers.go:745.16,747.3 1 0
myapp/internal/handlers/handlers.go:748.48,749.32 1 1
myapp/internal/handlers/handlers.go:749.32,750.86 1 1
myapp/internal/handlers/handlers.go:778.4,778.18 1 1
myapp/internal/handlers/handlers.go:750.86,753.19 3 1
myapp/internal/handlers/handlers.go:756.5,763.101 5 1
myapp/internal/handlers/handlers.go:774.5,776.30 2 1
myapp/internal/handlers/handlers.go:753.19,755.6 1 0
myapp/internal/handlers/handlers.go:763.101,765.6 1 0
myapp/internal/handlers/handlers.go:765.11,768.20 2 1
myapp/internal/handlers/handlers.go:771.6,771.38 1 1
myapp/internal/handlers/handlers.go:768.20,770.7 1 0
myapp/internal/handlers/handlers.go:778.18,780.5 1 0
myapp/internal/handlers/handlers.go:787.79,793.16 3 1
myapp/internal/handlers/handlers.go:800.2,802.16 2 0
myapp/internal/handlers/handlers.go:808.2,809.67 2 0
myapp/internal/handlers/handlers.go:793.16,797.3 3 1
myapp/internal/handlers/handlers.go:802.16,806.3 3 0
